<?xml version="1.0" encoding="UTF-8" standalone="yes"?><!DOCTYPE report PUBLIC "-//JACOCO//DTD Report 1.1//EN" "report.dtd"><report name="demo"><sessioninfo id="Petes-MBP.connect-bfa3f9b2" start="1539783520303" dump="1539783525371"/><sessioninfo id="Petes-MBP.connect-dfebc098" start="1539783575759" dump="1539783580155"/><sessioninfo id="Petes-MBP.connect-491c9cc8" start="1539784205886" dump="1539784210652"/><sessioninfo id="Petes-MBP.connect-b176a9fb" start="1539784318883" dump="1539784324338"/><sessioninfo id="Petes-MBP.connect-ee10d34c" start="1539784561091" dump="1539784565285"/><sessioninfo id="Petes-MBP.connect-8e61ae1e" start="1539784655504" dump="1539784660256"/><sessioninfo id="Petes-MBP.connect-5b6f6bc8" start="1539784957471" dump="1539784962402"/><sessioninfo id="Petes-MBP.connect-fd4fc9cf" start="1539785020323" dump="1539785025079"/><sessioninfo id="Petes-MBP.connect-6256cf1f" start="1539785228827" dump="1539785233518"/><sessioninfo id="Petes-MBP.connect-9e5cc861" start="1539785310595" dump="1539785315141"/><sessioninfo id="Petes-MBP.connect-bd63df9d" start="1539785533334" dump="1539785538017"/><package name="com/example/springbootdemo2"><class name="com/example/springbootdemo2/DemoApplication" sourcefilename="DemoApplication.java"><method name="&lt;init&gt;" desc="()V" line="7"><counter type="INSTRUCTION" missed="0" covered="3"/><counter type="LINE" missed="0" covered="1"/><counter type="COMPLEXITY" missed="0" covered="1"/><counter type="METHOD" missed="0" covered="1"/></method><method name="main" desc="([Ljava/lang/String;)V" line="10"><counter type="INSTRUCTION" missed="5" covered="0"/><counter type="LINE" missed="2" covered="0"/><counter type="COMPLEXITY" missed="1" covered="0"/><counter type="METHOD" missed="1" covered="0"/></method><counter type="INSTRUCTION" missed="5" covered="3"/><counter type="LINE" missed="2" covered="1"/><counter type="COMPLEXITY" missed="1" covered="1"/><counter type="METHOD" missed="1" covered="1"/><counter type="CLASS" missed="0" covered="1"/></class><sourcefile name="DemoApplication.java"><line nr="7" mi="0" ci="3" mb="0" cb="0"/><line nr="10" mi="4" ci="0" mb="0" cb="0"/><line nr="11" mi="1" ci="0" mb="0" cb="0"/><counter type="INSTRUCTION" missed="5" covered="3"/><counter type="LINE" missed="2" covered="1"/><counter type="COMPLEXITY" missed="1" covered="1"/><counter type="METHOD" missed="1" covered="1"/><counter type="CLASS" missed="0" covered="1"/></sourcefile><counter type="INSTRUCTION" missed="5" covered="3"/><counter type="LINE" missed="2" covered="1"/><counter type="COMPLEXITY" missed="1" covered="1"/><counter type="METHOD" missed="1" covered="1"/><counter type="CLASS" missed="0" covered="1"/></package><counter type="INSTRUCTION" missed="5" covered="3"/><counter type="LINE" missed="2" covered="1"/><counter type="COMPLEXITY" missed="1" covered="1"/><counter type="METHOD" missed="1" covered="1"/><counter type="CLASS" missed="0" covered="1"/></report>