<?xml version="1.0" encoding="UTF-8" standalone="yes"?><!DOCTYPE report PUBLIC "-//JACOCO//DTD Report 1.1//EN" "report.dtd"><report name="demo"><sessioninfo id="Petes-MBP.connect-bfa3f9b2" start="1539783520303" dump="1539783525371"/><sessioninfo id="Petes-MBP.connect-dfebc098" start="1539783575759" dump="1539783580155"/><sessioninfo id="Petes-MBP.connect-491c9cc8" start="1539784205886" dump="1539784210652"/><sessioninfo id="Petes-MBP.connect-b176a9fb" start="1539784318883" dump="1539784324338"/><sessioninfo id="Petes-MBP.connect-ee10d34c" start="1539784561091" dump="1539784565285"/><sessioninfo id="Petes-MBP.connect-8e61ae1e" start="1539784655504" dump="1539784660256"/><sessioninfo id="Petes-MBP.connect-5b6f6bc8" start="1539784957471" dump="1539784962402"/><sessioninfo id="Petes-MBP.connect-fd4fc9cf" start="1539785020323" dump="1539785025079"/><sessioninfo id="Petes-MBP.connect-6256cf1f" start="1539785228827" dump="1539785233518"/><sessioninfo id="Petes-MBP.connect-9e5cc861" start="1539785310595" dump="1539785315141"/><sessioninfo id="Petes-MBP.connect-bd63df9d" start="1539785533334" dump="1539785538017"/><sessioninfo id="Petes-MBP.connect-42f7c305" start="1539785758869" dump="1539785763587"/><sessioninfo id="Petes-MBP.connect-d457b9f6" start="1539785883516" dump="1539785887716"/><sessioninfo id="Petes-MBP.connect-a21456b7" start="1539785976905" dump="1539785981191"/><sessioninfo id="Petes-MBP.connect-6da967c2" start="1539786101558" dump="1539786105867"/><sessioninfo id="Petes-MBP.connect-547be63" start="1539786137098" dump="1539786141315"/><sessioninfo id="Petes-MBP.connect-e1a53af2" start="1539786153399" dump="1539786157649"/><sessioninfo id="Petes-MBP.connect-f50bb245" start="1539786294482" dump="1539786298994"/><sessioninfo id="Petes-MBP.connect-97977c8c" start="1539786346318" dump="1539786350918"/><sessioninfo id="Petes-MBP.connect-d579f48d" start="1539786409423" dump="1539786414227"/><sessioninfo id="Petes-MBP.connect-91e63e60" start="1539786719339" dump="1539786725478"/><sessioninfo id="Petes-MBP.connect-2ab52618" start="1539786908374" dump="1539786913927"/><sessioninfo id="Petes-MBP.connect-a4cccbcb" start="1539786932790" dump="1539786937968"/><sessioninfo id="Petes-MBP.connect-d124fb95" start="1539787020311" dump="1539787025836"/><sessioninfo id="Petes-MBP.connect-511bf822" start="1539787286524" dump="1539787292142"/><sessioninfo id="Petes-MBP.connect-db3aa635" start="1539787437759" dump="1539787442600"/><package name="com/example/springbootdemo2"><class name="com/example/springbootdemo2/DemoApplication" sourcefilename="DemoApplication.java"><method name="&lt;init&gt;" desc="()V" line="7"><counter type="INSTRUCTION" missed="0" covered="3"/><counter type="LINE" missed="0" covered="1"/><counter type="COMPLEXITY" missed="0" covered="1"/><counter type="METHOD" missed="0" covered="1"/></method><method name="main" desc="([Ljava/lang/String;)V" line="10"><counter type="INSTRUCTION" missed="5" covered="0"/><counter type="LINE" missed="2" covered="0"/><counter type="COMPLEXITY" missed="1" covered="0"/><counter type="METHOD" missed="1" covered="0"/></method><counter type="INSTRUCTION" missed="5" covered="3"/><counter type="LINE" missed="2" covered="1"/><counter type="COMPLEXITY" missed="1" covered="1"/><counter type="METHOD" missed="1" covered="1"/><counter type="CLASS" missed="0" covered="1"/></class><sourcefile name="DemoApplication.java"><line nr="7" mi="0" ci="3" mb="0" cb="0"/><line nr="10" mi="4" ci="0" mb="0" cb="0"/><line nr="11" mi="1" ci="0" mb="0" cb="0"/><counter type="INSTRUCTION" missed="5" covered="3"/><counter type="LINE" missed="2" covered="1"/><counter type="COMPLEXITY" missed="1" covered="1"/><counter type="METHOD" missed="1" covered="1"/><counter type="CLASS" missed="0" covered="1"/></sourcefile><counter type="INSTRUCTION" missed="5" covered="3"/><counter type="LINE" missed="2" covered="1"/><counter type="COMPLEXITY" missed="1" covered="1"/><counter type="METHOD" missed="1" covered="1"/><counter type="CLASS" missed="0" covered="1"/></package><counter type="INSTRUCTION" missed="5" covered="3"/><counter type="LINE" missed="2" covered="1"/><counter type="COMPLEXITY" missed="1" covered="1"/><counter type="METHOD" missed="1" covered="1"/><counter type="CLASS" missed="0" covered="1"/></report>